2025-10-09 13:16:31,549 [INFO] check
2025-10-09 13:17:03,888 [INFO] it is the 0 time
2025-10-09 13:17:07,173 [ERROR] Failed to fetch min_lat=23.651819310880096 min_lon=37.9904087240888 max_lat=23.65362512726231 max_lon=37.99236906714337: Expecting value: line 1 column 1 (char 0)
2025-10-09 13:17:07,174 [INFO] finished, SAVING!
2025-10-09 13:17:07,305 [INFO] saved successfully
2025-10-09 13:21:29,361 [INFO] it is the 0 time
2025-10-09 13:21:32,581 [INFO] Successfully fetched min_lat=23.651819310880096 min_lon=37.9904087240888 max_lat=23.65362512726231 max_lon=37.99236906714337
2025-10-09 13:21:32,582 [INFO] it is the 0 time
2025-10-09 13:21:35,727 [INFO] Successfully fetched min_lat=23.829097109330743 min_lon=38.019018507969484 max_lat=23.830902884314558 max_lon=38.02098150561661
2025-10-09 13:21:35,730 [INFO] it is the 0 time
2025-10-09 13:21:38,926 [INFO] Successfully fetched min_lat=23.728569319815747 min_lon=38.0095748177397 max_lat=23.730375118303883 max_lon=38.011536306882725
2025-10-09 13:21:38,927 [INFO] it is the 0 time
2025-10-09 13:21:42,115 [INFO] Successfully fetched min_lat=23.719097096489527 min_lon=37.999019333034994 max_lat=23.72090289718847 max_lon=38.00098068046928
2025-10-09 13:21:42,116 [INFO] it is the 0 time
2025-10-09 13:21:45,278 [INFO] Successfully fetched min_lat=23.759208212277922 min_lon=37.998130143867435 max_lat=23.761014003610377 max_lon=38.00009209188885
2025-10-09 13:21:45,280 [INFO] it is the 0 time
2025-10-09 13:21:48,449 [INFO] Successfully fetched min_lat=23.759208212277922 min_lon=37.998130143867435 max_lat=23.761014003610377 max_lon=38.00009209188885
2025-10-09 13:21:48,450 [INFO] it is the 0 time
2025-10-09 13:21:51,614 [INFO] Successfully fetched min_lat=23.759208212277922 min_lon=37.998130143867435 max_lat=23.761014003610377 max_lon=38.00009209188885
2025-10-09 13:21:51,615 [INFO] it is the 0 time
2025-10-09 13:21:54,832 [INFO] Successfully fetched min_lat=23.719097096489527 min_lon=38.00901933303499 max_lat=23.72090289718847 max_lon=38.01098068046928
2025-10-09 13:21:54,833 [INFO] it is the 0 time
2025-10-09 13:21:57,970 [INFO] Successfully fetched min_lat=23.72814987532241 min_lon=37.99063870976675 max_lat=23.729955673908457 max_lon=37.99260019263314
2025-10-09 13:21:57,971 [INFO] it is the 0 time
2025-10-09 13:22:01,135 [INFO] Successfully fetched min_lat=23.718674874218095 min_lon=38.00808322508118 max_lat=23.72048067501557 max_lon=38.010044566200555
2025-10-09 13:22:01,137 [INFO] it is the 0 time
2025-10-09 13:22:04,284 [INFO] Successfully fetched min_lat=23.729097097655053 min_lon=37.99901925823536 max_lat=23.730902896019984 max_lon=38.00098075527635
2025-10-09 13:22:04,285 [INFO] it is the 0 time
2025-10-09 13:22:07,423 [INFO] Successfully fetched min_lat=23.716641540647824 min_lon=37.99172768472949 max_lat=23.71844734191978 max_lon=37.99368899543962
2025-10-09 13:22:07,424 [INFO] it is the 0 time
2025-10-09 13:22:10,576 [INFO] Successfully fetched min_lat=23.719097096489527 min_lon=37.959019333034995 max_lat=23.72090289718847 max_lon=37.960980680469284
2025-10-09 13:22:10,577 [INFO] it is the 0 time
2025-10-09 13:22:13,719 [INFO] Successfully fetched min_lat=23.72569709725873 min_lon=37.985519283671856 max_lat=23.72750289641731 max_lon=37.98748072983733
2025-10-09 13:22:13,720 [INFO] it is the 0 time
2025-10-09 13:22:16,875 [INFO] Successfully fetched min_lat=23.72459709713052 min_lon=38.000419291900286 max_lat=23.726402896545853 max_lon=38.00238072160807
2025-10-09 13:22:16,876 [INFO] it is the 0 time
2025-10-09 13:22:20,008 [INFO] Successfully fetched min_lat=23.73329709814468 min_lon=38.01421922680721 max_lat=23.735102895529106 max_lon=38.01618078670761
2025-10-09 13:22:20,010 [INFO] it is the 0 time
2025-10-09 13:22:23,175 [INFO] Successfully fetched min_lat=23.721397096757567 min_lon=37.99701931583472 max_lat=23.72320289691976 max_lon=37.99898069767126
2025-10-09 13:22:23,176 [INFO] it is the 0 time
2025-10-09 13:22:26,360 [INFO] Successfully fetched min_lat=23.760297101293865 min_lon=37.98041902459547 max_lat=23.762102892371885 max_lon=37.98238098893941
2025-10-09 13:22:26,361 [INFO] it is the 0 time
2025-10-09 13:22:29,492 [INFO] Successfully fetched min_lat=23.709097095324385 min_lon=37.97901940779343 max_lat=23.710902898356586 max_lon=37.98098060570342
2025-10-09 13:22:29,493 [INFO] it is the 0 time
2025-10-09 13:22:32,642 [INFO] Successfully fetched min_lat=23.730197097783275 min_lon=37.998619250004865 max_lat=23.73200289589142 max_lon=38.00058076350764
2025-10-09 13:22:32,643 [INFO] it is the 0 time
2025-10-09 13:22:35,770 [INFO] Successfully fetched min_lat=23.729097097655053 min_lon=37.99901925823536 max_lat=23.730902896019984 max_lon=38.00098075527635
2025-10-09 13:22:35,771 [INFO] it is the 0 time
2025-10-09 13:22:38,950 [INFO] Successfully fetched min_lat=23.7329970981097 min_lon=38.02481922905231 max_lat=23.73480289556417 max_lon=38.026780784462275
2025-10-09 13:22:38,952 [INFO] it is the 0 time
2025-10-09 13:22:42,120 [INFO] Successfully fetched min_lat=23.72767487526704 min_lon=37.9933609355427 max_lat=23.729480673963973 max_lon=37.995322411301274
2025-10-09 13:22:42,121 [INFO] it is the 0 time
2025-10-09 13:22:45,260 [INFO] Successfully fetched min_lat=23.719097096489527 min_lon=37.999019333034994 max_lat=23.72090289718847 max_lon=38.00098068046928
2025-10-09 13:22:45,261 [INFO] it is the 0 time
2025-10-09 13:22:48,389 [INFO] Successfully fetched min_lat=23.7243970971072 min_lon=37.99771929339632 max_lat=23.726202896569212 max_lon=37.9996807201119
2025-10-09 13:22:48,390 [INFO] it is the 0 time
2025-10-09 13:22:51,558 [INFO] Successfully fetched min_lat=23.727697097491845 min_lon=38.00991926870978 max_lat=23.72950289618359 max_lon=38.01188074480088
2025-10-09 13:22:51,559 [INFO] it is the 0 time
2025-10-09 13:22:54,703 [INFO] Successfully fetched min_lat=23.725297097212103 min_lon=37.99361928666407 max_lat=23.72710289646405 max_lon=37.99558072684481
2025-10-09 13:22:54,705 [INFO] it is the 0 time
2025-10-09 13:22:57,833 [INFO] Successfully fetched min_lat=23.76359710167895 min_lon=37.98881899986008 max_lat=23.76540289198582 max_lon=37.990781013677264
2025-10-09 13:22:57,834 [INFO] it is the 0 time
2025-10-09 13:23:00,991 [INFO] Successfully fetched min_lat=23.729097097655053 min_lon=37.99901925823536 max_lat=23.730902896019984 max_lon=38.00098075527635
2025-10-09 13:23:00,992 [INFO] it is the 0 time
2025-10-09 13:23:04,200 [INFO] Successfully fetched min_lat=23.736497098517777 min_lon=37.99561920285708 max_lat=23.73830289515506 max_lon=37.997580810660125
2025-10-09 13:23:04,202 [INFO] it is the 0 time
2025-10-09 13:23:07,331 [INFO] Successfully fetched min_lat=23.719097096489527 min_lon=37.999019333034994 max_lat=23.72090289718847 max_lon=38.00098068046928
2025-10-09 13:23:07,332 [INFO] it is the 0 time
2025-10-09 13:23:10,527 [INFO] Successfully fetched min_lat=23.712297095697185 min_lon=37.989919383875204 max_lat=23.71410289798283 max_lon=37.99188062962401
2025-10-09 13:23:10,528 [INFO] it is the 0 time
2025-10-09 13:23:13,659 [INFO] Successfully fetched min_lat=23.723597097013958 min_lon=37.95321929938026 max_lat=23.725402896662697 max_lon=37.95518071412736
2025-10-09 13:23:13,660 [INFO] it is the 0 time
2025-10-09 13:23:16,800 [INFO] Successfully fetched min_lat=23.719097096489527 min_lon=38.00901933303499 max_lat=23.72090289718847 max_lon=38.01098068046928
2025-10-09 13:23:16,802 [INFO] it is the 0 time
2025-10-09 13:23:19,948 [INFO] Successfully fetched min_lat=23.749097099987207 min_lon=37.99901910851239 max_lat=23.750902893681882 max_lon=38.000980905014174
2025-10-09 13:23:19,949 [INFO] it is the 0 time
2025-10-09 13:23:23,085 [INFO] Successfully fetched min_lat=23.721397096757567 min_lon=37.993319315834725 max_lat=23.72320289691976 max_lon=37.99528069767126
2025-10-09 13:23:23,086 [INFO] it is the 0 time
2025-10-09 13:23:26,232 [INFO] Successfully fetched min_lat=23.726097097305356 min_lon=37.99001928067957 max_lat=23.72790289637057 max_lon=37.99198073282991
2025-10-09 13:23:26,234 [INFO] it is the 0 time
2025-10-09 13:23:29,371 [INFO] Successfully fetched min_lat=23.72579709727038 min_lon=38.00121928292379 max_lat=23.727602896405624 max_lon=38.00318073058546
2025-10-09 13:23:29,373 [INFO] it is the 0 time
2025-10-09 13:23:32,553 [INFO] Successfully fetched min_lat=23.729097097655053 min_lon=37.98901925823536 max_lat=23.730902896019984 max_lon=37.990980755276354
2025-10-09 13:23:32,555 [INFO] it is the 0 time
2025-10-09 13:23:35,697 [INFO] Successfully fetched min_lat=23.753930433884367 min_lon=37.965241294526805 max_lat=23.755736226449947 max_lon=37.96720316344778
2025-10-09 13:23:35,699 [INFO] it is the 0 time
2025-10-09 13:23:38,913 [INFO] Successfully fetched min_lat=23.727797097503505 min_lon=37.99921926796163 max_lat=23.729602896171905 max_lon=38.0011807455491
2025-10-09 13:23:38,914 [INFO] it is the 0 time
2025-10-09 13:23:42,100 [INFO] Successfully fetched min_lat=23.72659709736363 min_lon=38.00621927693912 max_lat=23.728402896312137 max_lon=38.008180736570715
2025-10-09 13:23:42,101 [INFO] it is the 0 time
2025-10-09 13:23:45,344 [INFO] Successfully fetched min_lat=23.737897098681014 min_lon=37.99821919237757 max_lat=23.739702894991403 max_lon=38.00018082114067
2025-10-09 13:23:45,345 [INFO] it is the 0 time
2025-10-09 13:23:48,487 [INFO] Successfully fetched min_lat=23.762397101538912 min_lon=37.99781900885528 max_lat=23.76420289212621 max_lon=37.99978100468116
2025-10-09 13:23:48,488 [INFO] it is the 0 time
2025-10-09 13:23:51,651 [INFO] Successfully fetched min_lat=23.73379709820297 min_lon=38.00921922306527 max_lat=23.735602895470663 max_lon=38.011180790449906
2025-10-09 13:23:51,652 [INFO] it is the 0 time
2025-10-09 13:23:54,798 [INFO] Successfully fetched min_lat=23.735397098389512 min_lon=38.00211921109041 max_lat=23.737202895283637 max_lon=38.00408080242597
2025-10-09 13:23:54,799 [INFO] it is the 0 time
2025-10-09 13:23:57,958 [INFO] Successfully fetched min_lat=23.719097096489527 min_lon=37.989019333034996 max_lat=23.72090289718847 max_lon=37.990980680469285
2025-10-09 13:23:57,959 [INFO] it is the 0 time
2025-10-09 13:24:01,116 [INFO] Successfully fetched min_lat=23.67057209083914 min_lon=37.98492802874875 max_lat=23.672377902853256 max_lon=37.9868886513862
2025-10-09 13:24:01,117 [INFO] it is the 0 time
2025-10-09 13:24:04,280 [INFO] Successfully fetched min_lat=23.439097064007033 min_lon=37.739021410746574 max_lat=23.440902929753932 max_lon=37.740978602550825
2025-10-09 13:24:04,281 [INFO] it is the 0 time
2025-10-09 13:24:07,442 [INFO] Successfully fetched min_lat=23.464458178048115 min_lon=37.76235455721283 max_lat=23.46626403792756 max_lon=37.76431212276987
2025-10-09 13:24:07,443 [INFO] it is the 0 time
2025-10-09 13:24:10,581 [INFO] Successfully fetched min_lat=23.495749848333272 min_lon=37.768070992952495 max_lat=23.497555700966494 max_lon=37.7700290203866
2025-10-09 13:24:10,583 [INFO] it is the 0 time
2025-10-09 13:24:13,717 [INFO] Successfully fetched min_lat=23.739097098820938 min_lon=37.91901918339448 max_lat=23.740902894851114 max_lon=37.92098083012464
2025-10-09 13:24:13,719 [INFO] it is the 0 time
2025-10-09 13:24:16,851 [INFO] Successfully fetched min_lat=23.72087487447447 min_lon=37.90896376418473 max_lat=23.72268067475854 max_lon=37.91092513820974
2025-10-09 13:24:16,852 [INFO] it is the 0 time
2025-10-09 13:24:20,012 [INFO] Successfully fetched min_lat=23.829097109330743 min_lon=38.05901850796948 max_lat=23.830902884314558 max_lon=38.06098150561661
2025-10-09 13:24:20,013 [INFO] it is the 0 time
2025-10-09 13:24:23,136 [INFO] Successfully fetched min_lat=23.749097099987207 min_lon=38.129019108512395 max_lat=23.750902893681882 max_lon=38.13098090501418
2025-10-09 13:24:23,138 [INFO] it is the 0 time
2025-10-09 13:24:26,294 [INFO] Successfully fetched min_lat=23.72864431982449 min_lon=38.09347759495634 max_lat=23.730450118295117 max_lon=38.0954390852217
2025-10-09 13:24:26,296 [INFO] it is the 0 time
2025-10-09 13:24:29,460 [INFO] Successfully fetched min_lat=23.728663764271204 min_lon=38.093472039255296 max_lat=23.730469562737287 max_lon=38.095433529811636
2025-10-09 13:24:29,462 [INFO] it is the 0 time
2025-10-09 13:24:32,690 [INFO] Successfully fetched min_lat=23.725716541705445 min_lon=38.09209706130417 max_lat=23.727522340859483 max_lon=38.09405850776057
2025-10-09 13:24:32,691 [INFO] it is the 0 time
2025-10-09 13:24:35,857 [INFO] Successfully fetched min_lat=23.742597099229094 min_lon=38.07361915719044 max_lat=23.744402894441922 max_lon=38.075580856331285
2025-10-09 13:24:35,858 [INFO] it is the 0 time
2025-10-09 13:24:39,010 [INFO] Successfully fetched min_lat=23.779097103488244 min_lon=37.859018883618546 max_lat=23.78090289017193 max_lon=37.860981129930316
2025-10-09 13:24:39,012 [INFO] it is the 0 time
2025-10-09 13:24:42,193 [INFO] Successfully fetched min_lat=23.779097103488244 min_lon=37.859018883618546 max_lat=23.78090289017193 max_lon=37.860981129930316
2025-10-09 13:24:42,194 [INFO] it is the 0 time
2025-10-09 13:24:45,348 [INFO] Successfully fetched min_lat=24.113736031656234 min_lon=41.13037746084218 max_lat=24.11554173968204 max_lon=41.13234477517926
2025-10-09 13:24:45,349 [INFO] it is the 0 time
2025-10-09 13:24:48,534 [INFO] Successfully fetched min_lat=23.755897100780484 min_lon=37.96311905756901 max_lat=23.757702892886584 max_lon=37.96508095596261
2025-10-09 13:24:48,535 [INFO] it is the 0 time
2025-10-09 13:24:51,687 [INFO] Successfully fetched min_lat=23.76063599022231 min_lon=37.95712735538885 max_lat=23.76244178122114 max_lon=37.959089324812965
2025-10-09 13:24:51,688 [INFO] it is the 0 time
2025-10-09 13:24:54,858 [INFO] Successfully fetched min_lat=23.751974878100675 min_lon=37.95314130917757 max_lat=23.753780671123106 max_lon=37.95510314879558
2025-10-09 13:24:54,859 [INFO] it is the 0 time
2025-10-09 13:24:58,014 [INFO] Successfully fetched min_lat=23.75909710115384 min_lon=37.87901903358904 max_lat=23.760902892512267 max_lon=37.88098097994495
2025-10-09 13:24:58,015 [INFO] it is the 0 time
2025-10-09 13:25:01,210 [INFO] Successfully fetched min_lat=23.75006932232284 min_lon=37.875657990118874 max_lat=23.75187511579041 max_lon=37.877619801186185
2025-10-09 13:25:01,211 [INFO] it is the 0 time
2025-10-09 13:25:04,530 [INFO] Successfully fetched min_lat=23.74649709968394 min_lon=37.87926357243014 max_lat=23.748302893985915 max_lon=37.88122532998337
2025-10-09 13:25:04,532 [INFO] it is the 0 time
2025-10-09 13:25:07,712 [INFO] Successfully fetched min_lat=24.108324919906686 min_lon=38.616435835519084 max_lat=24.11013062921097 max_lon=38.618403067164955
2025-10-09 13:25:07,713 [INFO] it is the 0 time
2025-10-09 13:25:10,890 [INFO] Successfully fetched min_lat=22.846530329576485 min_lon=40.68627570267306 max_lat=22.848336331025678 max_lon=40.688224310192844
2025-10-09 13:25:10,891 [INFO] it is the 0 time
2025-10-09 13:25:14,024 [INFO] Successfully fetched min_lat=23.840230443966284 min_lon=38.122404535295374 max_lat=23.842036216342382 max_lon=38.12436770052123
2025-10-09 13:25:14,025 [INFO] it is the 0 time
2025-10-09 13:25:17,198 [INFO] Successfully fetched min_lat=23.8718748921145 min_lon=38.127879296871235 max_lat=23.87368065707365 max_lon=38.129842938968984
2025-10-09 13:25:17,199 [INFO] it is the 0 time
2025-10-09 13:25:20,360 [INFO] Successfully fetched min_lat=23.73818043204739 min_lon=37.95971363470106 max_lat=23.739986228291606 max_lon=37.96167526770627
2025-10-09 13:25:20,360 [INFO] it is the 0 time
2025-10-09 13:25:23,493 [INFO] Successfully fetched min_lat=23.827974886977294 min_lon=38.13984073863427 max_lat=23.82978066222391 max_lon=38.141803719395426
2025-10-09 13:25:23,494 [INFO] it is the 0 time
2025-10-09 13:25:26,624 [INFO] Successfully fetched min_lat=23.8280859981014 min_lon=38.139221293353955 max_lat=23.829891773321997 max_lon=38.14118427578694
2025-10-09 13:25:26,626 [INFO] it is the 0 time
2025-10-09 13:25:29,812 [INFO] Successfully fetched min_lat=23.53051096346838 min_lon=38.05826795817431 max_lat=23.532316808043316 max_lon=38.06022649963486
2025-10-09 13:25:29,813 [INFO] it is the 0 time
2025-10-09 13:25:32,992 [INFO] Successfully fetched min_lat=23.529897074508387 min_lon=38.063320740495065 max_lat=23.53170291922571 max_lon=38.065279272869205
2025-10-09 13:25:32,994 [INFO] it is the 0 time
2025-10-09 13:25:36,157 [INFO] Successfully fetched min_lat=23.75995821236543 min_lon=37.940213471579824 max_lat=23.761764003522643 max_lon=37.94217543084369
2025-10-09 13:25:36,159 [INFO] it is the 0 time
2025-10-09 13:25:39,350 [INFO] Successfully fetched min_lat=23.75143043359271 min_lon=38.04932464658951 max_lat=23.753236226742327 max_lon=38.051286478049875
2025-10-09 13:25:39,351 [INFO] it is the 0 time
2025-10-09 13:25:42,536 [INFO] Successfully fetched min_lat=23.75143043359271 min_lon=38.04932464658951 max_lat=23.753236226742327 max_lon=38.051286478049875
2025-10-09 13:25:42,537 [INFO] it is the 0 time
2025-10-09 13:25:45,715 [INFO] Successfully fetched min_lat=23.749097099987207 min_lon=38.04901910851239 max_lat=23.750902893681882 max_lon=38.05098090501417
2025-10-09 13:25:45,716 [INFO] it is the 0 time
2025-10-09 13:25:48,864 [INFO] Successfully fetched min_lat=23.769097102320856 min_lon=38.04901895862443 max_lat=23.77090289134229 max_lon=38.050981054916996
2025-10-09 13:25:48,865 [INFO] it is the 0 time
2025-10-09 13:25:52,135 [INFO] Successfully fetched min_lat=22.926727560891198 min_lon=40.50660568564768 max_lat=22.92853354413185 max_lon=40.508555438387226
2025-10-09 13:25:52,136 [INFO] it is the 0 time
2025-10-09 13:25:55,677 [INFO] Successfully fetched min_lat=23.10251369201877 min_lon=40.47074608822444 max_lat=23.10431963517481 max_lon=40.47269836927124
2025-10-09 13:25:55,678 [INFO] it is the 0 time
2025-10-09 13:25:58,975 [INFO] Successfully fetched min_lat=22.99473590195448 min_lon=40.46421353140287 max_lat=22.996541869715262 max_lon=40.46616425934793
2025-10-09 13:25:58,976 [INFO] it is the 0 time
2025-10-09 13:26:02,747 [INFO] Successfully fetched min_lat=22.992124790546253 min_lon=40.469357994601694 max_lat=22.993930758902025 max_lon=40.47130868503611
2025-10-09 13:26:02,748 [INFO] it is the 0 time
2025-10-09 13:26:06,266 [INFO] Successfully fetched min_lat=22.9371414509626 min_lon=40.645897277773564 max_lat=22.93894743183517 max_lon=40.6478471796022
2025-10-09 13:26:06,267 [INFO] it is the 0 time
2025-10-09 13:26:09,640 [INFO] Successfully fetched min_lat=22.954402564034645 min_lon=40.605858265236805 max_lat=22.956208540980274 max_lon=40.60780841437367
2025-10-09 13:26:09,641 [INFO] it is the 0 time
2025-10-09 13:26:12,936 [INFO] Successfully fetched min_lat=22.970797010342626 min_lon=40.60782481435307 max_lat=22.972602983556364 max_lon=40.60977519860261
2025-10-09 13:26:12,937 [INFO] it is the 0 time
2025-10-09 13:26:16,579 [INFO] Successfully fetched min_lat=23.758997101142167 min_lon=37.96704958989403 max_lat=23.760802892523966 max_lon=37.969011534751
2025-10-09 13:26:16,580 [INFO] it is the 0 time
2025-10-09 13:26:19,838 [INFO] Successfully fetched min_lat=22.957688675519208 min_lon=40.58164713057248 max_lat=22.95949465171698 max_lon=40.58359732681815
2025-10-09 13:26:19,839 [INFO] it is the 0 time
2025-10-09 13:26:23,088 [INFO] Successfully fetched min_lat=23.625097085551904 min_lon=37.962820034139426 max_lat=23.62690290815399 max_lon=37.96477997929518
2025-10-09 13:26:23,089 [INFO] it is the 0 time
2025-10-09 13:26:26,246 [INFO] Successfully fetched min_lat=23.85123600080954 min_lon=38.11408223019914 max_lat=23.853041770606968 max_lon=38.116045561181245
2025-10-09 13:26:26,247 [INFO] it is the 0 time
2025-10-09 13:26:29,405 [INFO] Successfully fetched min_lat=23.789097104656 min_lon=38.089018808571375 max_lat=23.7909028890012 max_lon=38.09098120498493
2025-10-09 13:26:29,407 [INFO] it is the 0 time
2025-10-09 13:26:32,572 [INFO] Successfully fetched min_lat=23.789097104656 min_lon=38.089018808571375 max_lat=23.7909028890012 max_lon=38.09098120498493
2025-10-09 13:26:32,574 [INFO] it is the 0 time
2025-10-09 13:26:35,719 [INFO] Successfully fetched min_lat=23.809097106992624 min_lon=38.069018658353095 max_lat=23.810902886658617 max_lon=38.0709813552181
2025-10-09 13:26:35,720 [INFO] it is the 0 time
2025-10-09 13:26:38,850 [INFO] Successfully fetched min_lat=23.849097111670357 min_lon=38.109018357420425 max_lat=23.850902881969002 max_lon=38.11098165618057
2025-10-09 13:26:38,852 [INFO] it is the 0 time
2025-10-09 13:26:42,009 [INFO] Successfully fetched min_lat=22.915644226299797 min_lon=40.66314187604354 max_lat=22.91745021205983 max_lon=40.66509147020557
2025-10-09 13:26:42,011 [INFO] it is the 0 time
2025-10-09 13:26:45,165 [INFO] Successfully fetched min_lat=22.889097001066126 min_lon=40.669025399082436 max_lat=22.89090299285685 max_lon=40.67097461381417
2025-10-09 13:26:45,166 [INFO] it is the 0 time
2025-10-09 13:26:48,329 [INFO] Successfully fetched min_lat=22.9175970042992 min_lon=40.66432519541123 max_lat=22.919402989615417 max_lon=40.666274817505965
2025-10-09 13:26:48,330 [INFO] it is the 0 time
2025-10-09 13:26:51,532 [INFO] Successfully fetched min_lat=22.897297001996023 min_lon=40.66782534051566 max_lat=22.89910299192455 max_lon=40.66977467238685
2025-10-09 13:26:51,533 [INFO] it is the 0 time
2025-10-09 13:26:54,674 [INFO] Successfully fetched min_lat=23.658497089434466 min_lon=37.98171978543988 max_lat=23.660302904261517 max_lon=37.98368022801946
2025-10-09 13:26:54,675 [INFO] it is the 0 time
2025-10-09 13:26:57,835 [INFO] Successfully fetched min_lat=23.02834701689244 min_lon=40.81644106752305 max_lat=23.03015297698964 max_lon=40.81839227880765
2025-10-09 13:26:57,837 [INFO] it is the 0 time
2025-10-09 13:27:00,975 [INFO] Successfully fetched min_lat=23.003474791837935 min_lon=40.72310235750451 max_lat=23.005280757607018 max_lon=40.7250532110304
2025-10-09 13:27:00,977 [INFO] it is the 0 time
2025-10-09 13:27:04,122 [INFO] Successfully fetched min_lat=23.779397103523266 min_lon=38.06561888136773 max_lat=23.78120289013681 max_lon=38.06758113218135
2025-10-09 13:27:04,123 [INFO] it is the 0 time
2025-10-09 13:27:07,316 [INFO] Successfully fetched min_lat=23.492138736804385 min_lon=38.07984601962228 max_lat=23.49394459027421 max_lon=38.08180399371413
2025-10-09 13:27:07,317 [INFO] it is the 0 time
2025-10-09 13:27:10,470 [INFO] Successfully fetched min_lat=23.492138736804385 min_lon=38.07984601962228 max_lat=23.49394459027421 max_lon=38.08180399371413
2025-10-09 13:27:10,471 [INFO] it is the 0 time
2025-10-09 13:27:13,620 [INFO] Successfully fetched min_lat=23.96406934737085 min_lon=38.07404526653527 max_lat=23.965875090678733 max_lon=38.076010302707175
2025-10-09 13:27:13,621 [INFO] it is the 0 time
2025-10-09 13:27:16,800 [INFO] Successfully fetched min_lat=23.996161017808372 min_lon=37.88949224531198 max_lat=23.997966753564967 max_lon=37.89145776839896
2025-10-09 13:27:16,801 [INFO] it is the 0 time
2025-10-09 13:27:19,965 [INFO] Successfully fetched min_lat=24.002124907398454 min_lon=37.90087831113418 max_lat=24.003930641750888 max_lon=37.90284392480344
2025-10-09 13:27:19,966 [INFO] it is the 0 time
2025-10-09 13:27:23,117 [INFO] Successfully fetched min_lat=23.92973601000747 min_lon=37.87610108206768 max_lat=23.931541761385677 max_lon=37.87806559826019
2025-10-09 13:27:23,118 [INFO] it is the 0 time
2025-10-09 13:27:26,256 [INFO] Successfully fetched min_lat=23.344413719756357 min_lon=37.99962210607945 max_lat=23.34621960736593 max_lon=38.00157790714841
2025-10-09 13:27:26,257 [INFO] it is the 0 time
2025-10-09 13:27:29,377 [INFO] Successfully fetched min_lat=23.338569274639138 min_lon=37.99732770443565 max_lat=23.340375163595983 max_lon=37.99928341989905
2025-10-09 13:27:29,379 [INFO] it is the 0 time
2025-10-09 13:27:32,550 [INFO] Successfully fetched min_lat=23.342958164033224 min_lon=37.99399433896245 max_lat=23.344764051978366 max_lon=37.9959501187088
2025-10-09 13:27:32,551 [INFO] it is the 0 time
2025-10-09 13:27:35,682 [INFO] Successfully fetched min_lat=22.952097008217102 min_lon=40.651424948425955 max_lat=22.95390298568738 max_lon=40.65337506451618
2025-10-09 13:27:35,683 [INFO] it is the 0 time
2025-10-09 13:27:38,847 [INFO] Successfully fetched min_lat=23.754624878409835 min_lon=38.045657955990414 max_lat=23.75643067081317 max_lon=38.047619835318024
2025-10-09 13:27:38,849 [INFO] it is the 0 time
2025-10-09 13:27:42,023 [INFO] Successfully fetched min_lat=23.649097088341342 min_lon=37.969019855479516 max_lat=23.65090290535743 max_lon=37.970980157972846
2025-10-09 13:27:42,024 [INFO] it is the 0 time
2025-10-09 13:27:45,174 [INFO] Successfully fetched min_lat=23.851319334152628 min_lon=37.9981850073492 max_lat=23.85312510393052 max_lon=38.00014833958679
2025-10-09 13:27:45,175 [INFO] it is the 0 time
2025-10-09 13:27:48,319 [INFO] Successfully fetched min_lat=23.70117764995747 min_lon=37.925419466968734 max_lat=23.702983454836954 max_lon=37.927380546522244
2025-10-09 13:27:48,320 [INFO] it is the 0 time
2025-10-09 13:27:51,441 [INFO] Successfully fetched min_lat=23.710197095452525 min_lon=37.92431939957202 max_lat=23.712002898228107 max_lon=37.92628061392565
2025-10-09 13:27:51,443 [INFO] it is the 0 time
2025-10-09 13:27:54,574 [INFO] Successfully fetched min_lat=23.698447094083907 min_lon=37.92544448736588 max_lat=23.70025289960022 max_lon=37.92740552612308
2025-10-09 13:27:54,574 [INFO] it is the 0 time
2025-10-09 13:27:57,727 [INFO] Successfully fetched min_lat=23.919097119870674 min_lon=38.00901782919419 max_lat=23.920902873747863 max_lon=38.01098218445905
2025-10-09 13:27:57,728 [INFO] it is the 0 time
2025-10-09 13:28:00,891 [INFO] Successfully fetched min_lat=23.852180445364514 min_lon=37.98307388975161 max_lat=23.853986214940598 max_lon=37.985037234962796
2025-10-09 13:28:00,892 [INFO] it is the 0 time
2025-10-09 13:28:04,040 [INFO] Successfully fetched min_lat=22.951819230407757 min_lon=40.66174717263869 max_lat=22.953625207941244 max_lon=40.663697284747684
2025-10-09 13:28:04,041 [INFO] it is the 0 time
2025-10-09 13:28:07,185 [INFO] Successfully fetched min_lat=22.92839700552518 min_lon=40.66912511814546 max_lat=22.930202988386263 max_lon=40.67107489477954
2025-10-09 13:28:07,187 [INFO] it is the 0 time
2025-10-09 13:28:10,325 [INFO] Successfully fetched min_lat=23.653966533352015 min_lon=37.957253152535024 max_lat=23.655772349234205 max_lon=37.95921352758761
2025-10-09 13:28:10,327 [INFO] it is the 0 time
2025-10-09 13:28:13,469 [INFO] Successfully fetched min_lat=23.63909708717881 min_lon=37.9290199299499 max_lat=23.64090290652292 max_lon=37.93098008349505
2025-10-09 13:28:13,470 [INFO] it is the 0 time
2025-10-09 13:28:16,611 [INFO] Successfully fetched min_lat=23.629097086016657 min_lon=37.94902000437921 max_lat=23.63090290768804 max_lon=37.950980009058355
2025-10-09 13:28:16,612 [INFO] it is the 0 time
2025-10-09 13:28:19,772 [INFO] Successfully fetched min_lat=23.638152642624593 min_lon=37.95990604809221 max_lat=23.63995846218853 max_lon=37.96186618757427
2025-10-09 13:28:19,774 [INFO] it is the 0 time
2025-10-09 13:28:22,934 [INFO] Successfully fetched min_lat=23.628097085900464 min_lon=37.96092001181988 max_lat=23.629902907804535 max_lon=37.962880001616945
2025-10-09 13:28:22,935 [INFO] it is the 0 time
2025-10-09 13:28:26,059 [INFO] Successfully fetched min_lat=23.656397089190236 min_lon=37.95431980109019 max_lat=23.658202904506382 max_lon=37.9562802123676
2025-10-09 13:28:26,059 [INFO] it is the 0 time
2025-10-09 13:28:29,180 [INFO] Successfully fetched min_lat=23.64024153175628 min_lon=37.92798936587372 max_lat=23.642047350833998 max_lon=37.929949536460995
2025-10-09 13:28:29,182 [INFO] it is the 0 time
2025-10-09 13:28:32,342 [INFO] Successfully fetched min_lat=23.85909711284072 min_lon=38.049018282083814 max_lat=23.860902880795678 max_lon=38.05098173152464
2025-10-09 13:28:32,342 [INFO] it is the 0 time
2025-10-09 13:28:35,485 [INFO] Successfully fetched min_lat=23.564072078468886 min_lon=37.96473993179874 max_lat=23.56587791525509 max_lon=37.96669897047965
2025-10-09 13:28:35,486 [INFO] it is the 0 time
2025-10-09 13:28:38,631 [INFO] Successfully fetched min_lat=23.68087486981586 min_lon=38.004897396334 max_lat=23.682680679429023 max_lon=38.00685817269746
2025-10-09 13:28:38,631 [INFO] it is the 0 time
2025-10-09 13:28:41,788 [INFO] Successfully fetched min_lat=23.68909709299521 min_lon=38.03901955718675 max_lat=23.6909029006917 max_lon=38.04098045629527
2025-10-09 13:28:41,790 [INFO] it is the 0 time
2025-10-09 13:28:44,949 [INFO] Successfully fetched min_lat=23.908113785249462 min_lon=38.04187902332086 max_lat=23.909919541705666 max_lon=38.04384321254641
2025-10-09 13:28:44,950 [INFO] it is the 0 time
2025-10-09 13:28:48,093 [INFO] Successfully fetched min_lat=23.902319340125757 min_lon=37.79710128931918 max_lat=23.904125097942202 max_lon=37.79906539098819
2025-10-09 13:28:48,094 [INFO] it is the 0 time
2025-10-09 13:28:51,251 [INFO] Successfully fetched min_lat=23.979041571351882 min_lon=37.83601737523238 max_lat=23.980847311137687 max_lon=37.83798263846574
2025-10-09 13:28:51,252 [INFO] it is the 0 time
2025-10-09 13:28:54,391 [INFO] Successfully fetched min_lat=24.007402685796873 min_lon=37.956239382154266 max_lat=24.009208418906468 max_lon=37.958205076009534
2025-10-09 13:28:54,392 [INFO] it is the 0 time
2025-10-09 13:28:57,525 [INFO] Successfully fetched min_lat=23.671760979866356 min_lon=38.10907246432625 max_lat=23.673566791603452 max_lon=38.11103310469846
2025-10-09 13:28:57,526 [INFO] it is the 0 time
2025-10-09 13:29:00,652 [INFO] Successfully fetched min_lat=23.699097094159605 min_lon=38.089019482510686 max_lat=23.700902899524326 max_lon=38.09098053097876
2025-10-09 13:29:00,653 [INFO] it is the 0 time
2025-10-09 13:29:03,814 [INFO] Successfully fetched min_lat=23.705497094905013 min_lon=38.07701943469639 max_lat=23.70730289877701 max_lon=38.078980578797804
2025-10-09 13:29:03,815 [INFO] it is the 0 time
2025-10-09 13:29:06,947 [INFO] Successfully fetched min_lat=23.709097095324385 min_lon=38.08901940779344 max_lat=23.710902898356586 max_lon=38.09098060570343
2025-10-09 13:29:06,948 [INFO] it is the 0 time
2025-10-09 13:29:10,089 [INFO] Successfully fetched min_lat=23.666922090414484 min_lon=37.99956138930076 max_lat=23.668727903279002 max_lon=38.001521957498134
2025-10-09 13:29:10,089 [INFO] it is the 0 time
2025-10-09 13:29:13,247 [INFO] Successfully fetched min_lat=22.583896966640573 min_lon=40.77312755980675 max_lat=22.58570302737179 max_lon=40.77507245287055
2025-10-09 13:29:13,249 [INFO] it is the 0 time
2025-10-09 13:29:16,400 [INFO] Successfully fetched min_lat=22.539694183906825 min_lon=40.70301675856563 max_lat=22.54150025456288 max_lon=40.70496103185787
2025-10-09 13:29:16,401 [INFO] it is the 0 time
2025-10-09 13:29:19,539 [INFO] Successfully fetched min_lat=22.981038678173974 min_lon=40.73824696308635 max_lat=22.98284464905533 max_lon=40.740197494321194
2025-10-09 13:29:19,540 [INFO] it is the 0 time
2025-10-09 13:29:22,708 [INFO] Successfully fetched min_lat=22.92459700509377 min_lon=40.766225145336904 max_lat=22.926402988818793 max_lon=40.76817486758535
2025-10-09 13:29:22,709 [INFO] it is the 0 time
2025-10-09 13:29:25,855 [INFO] Successfully fetched min_lat=23.868283225027266 min_lon=38.21305154617563 max_lat=23.870088990828616 max_lon=38.21501513410635
2025-10-09 13:29:25,856 [ERROR] something faliled. SAVING!: A single number has been passed to the Point constructor. This is probably a mistake, because constructing a Point with just a latitude seems senseless. If this is exactly what was meant, then pass the zero longitude explicitly to get rid of this error.
2025-10-09 13:29:25,960 [INFO] saved successfully
2025-10-09 13:34:15,843 [INFO] handling 33779_0
2025-10-09 13:34:15,844 [INFO] it is the 0 time
2025-10-09 13:34:19,058 [INFO] Successfully fetched min_lat=23.651819310880096 min_lon=37.9904087240888 max_lat=23.65362512726231 max_lon=37.99236906714337
2025-10-09 13:34:19,059 [INFO] handling 33984_0
2025-10-09 13:34:19,060 [INFO] it is the 0 time
2025-10-09 13:34:22,252 [INFO] Successfully fetched min_lat=23.829097109330743 min_lon=38.019018507969484 max_lat=23.830902884314558 max_lon=38.02098150561661
2025-10-09 13:34:22,253 [INFO] handling 33634_0
2025-10-09 13:34:22,253 [INFO] it is the 0 time
2025-10-09 13:34:25,388 [INFO] Successfully fetched min_lat=23.728569319815747 min_lon=38.0095748177397 max_lat=23.730375118303883 max_lon=38.011536306882725
2025-10-09 13:34:25,389 [INFO] handling 33762_0
2025-10-09 13:34:25,390 [INFO] it is the 0 time
2025-10-09 13:34:28,595 [INFO] Successfully fetched min_lat=23.719097096489527 min_lon=37.999019333034994 max_lat=23.72090289718847 max_lon=38.00098068046928
2025-10-09 13:34:28,596 [INFO] handling 33800_4
2025-10-09 13:34:28,596 [INFO] it is the 0 time
2025-10-09 13:34:31,770 [INFO] Successfully fetched min_lat=23.759208212277922 min_lon=37.998130143867435 max_lat=23.761014003610377 max_lon=38.00009209188885
2025-10-09 13:34:31,771 [INFO] handling 33800_5
2025-10-09 13:34:31,772 [INFO] it is the 0 time
2025-10-09 13:34:34,979 [INFO] Successfully fetched min_lat=23.759208212277922 min_lon=37.998130143867435 max_lat=23.761014003610377 max_lon=38.00009209188885
2025-10-09 13:34:34,980 [INFO] handling 33800_6
2025-10-09 13:34:34,980 [INFO] it is the 0 time
2025-10-09 13:34:38,100 [INFO] Successfully fetched min_lat=23.759208212277922 min_lon=37.998130143867435 max_lat=23.761014003610377 max_lon=38.00009209188885
2025-10-09 13:34:38,101 [INFO] handling 33877_1
2025-10-09 13:34:38,102 [INFO] it is the 0 time
2025-10-09 13:34:41,275 [INFO] Successfully fetched min_lat=23.719097096489527 min_lon=38.00901933303499 max_lat=23.72090289718847 max_lon=38.01098068046928
2025-10-09 13:34:41,275 [INFO] handling 33890_0
2025-10-09 13:34:41,276 [INFO] it is the 0 time
2025-10-09 13:34:44,466 [INFO] Successfully fetched min_lat=23.72814987532241 min_lon=37.99063870976675 max_lat=23.729955673908457 max_lon=37.99260019263314
2025-10-09 13:34:44,468 [INFO] handling 33906_0
2025-10-09 13:34:44,469 [INFO] it is the 0 time
2025-10-09 13:34:47,621 [INFO] Successfully fetched min_lat=23.718674874218095 min_lon=38.00808322508118 max_lat=23.72048067501557 max_lon=38.010044566200555
2025-10-09 13:34:47,622 [INFO] handling 33970_0
2025-10-09 13:34:47,622 [INFO] it is the 0 time
2025-10-09 13:34:50,756 [INFO] Successfully fetched min_lat=23.729097097655053 min_lon=37.99901925823536 max_lat=23.730902896019984 max_lon=38.00098075527635
2025-10-09 13:34:50,757 [INFO] handling 34017_0
2025-10-09 13:34:50,757 [INFO] it is the 0 time
2025-10-09 13:34:53,893 [INFO] Successfully fetched min_lat=23.716641540647824 min_lon=37.99172768472949 max_lat=23.71844734191978 max_lon=37.99368899543962
2025-10-09 13:34:53,893 [INFO] handling 34191_1
2025-10-09 13:34:53,894 [INFO] it is the 0 time
2025-10-09 13:34:57,149 [INFO] Successfully fetched min_lat=23.719097096489527 min_lon=37.959019333034995 max_lat=23.72090289718847 max_lon=37.960980680469284
2025-10-09 13:34:57,150 [INFO] handling 34274_0
2025-10-09 13:34:57,151 [INFO] it is the 0 time
2025-10-09 13:35:00,308 [INFO] Successfully fetched min_lat=23.72569709725873 min_lon=37.985519283671856 max_lat=23.72750289641731 max_lon=37.98748072983733
2025-10-09 13:35:00,309 [INFO] handling 34304_0
2025-10-09 13:35:00,309 [INFO] it is the 0 time
2025-10-09 13:35:03,769 [INFO] Successfully fetched min_lat=23.72459709713052 min_lon=38.000419291900286 max_lat=23.726402896545853 max_lon=38.00238072160807
2025-10-09 13:35:03,770 [INFO] handling 34356_1
2025-10-09 13:35:03,771 [INFO] it is the 0 time
2025-10-09 13:35:06,899 [INFO] Successfully fetched min_lat=23.73329709814468 min_lon=38.01421922680721 max_lat=23.735102895529106 max_lon=38.01618078670761
2025-10-09 13:35:06,900 [INFO] handling 34358_1
2025-10-09 13:35:06,900 [INFO] it is the 0 time
2025-10-09 13:35:10,054 [INFO] Successfully fetched min_lat=23.721397096757567 min_lon=37.99701931583472 max_lat=23.72320289691976 max_lon=37.99898069767126
2025-10-09 13:35:10,055 [INFO] handling 34391_0
2025-10-09 13:35:10,056 [INFO] it is the 0 time
2025-10-09 13:35:12,107 [INFO] saved successfully
2025-10-09 13:35:17,111 [INFO] handling 33779_0
2025-10-09 13:35:17,111 [INFO] it is the 0 time
2025-10-09 13:35:20,301 [INFO] Successfully fetched min_lat=23.651819310880096 min_lon=37.9904087240888 max_lat=23.65362512726231 max_lon=37.99236906714337
2025-10-09 13:35:20,302 [INFO] found 0 assets
2025-10-09 13:35:20,303 [INFO] handling 33984_0
2025-10-09 13:35:20,304 [INFO] it is the 0 time
2025-10-09 13:35:23,453 [INFO] Successfully fetched min_lat=23.829097109330743 min_lon=38.019018507969484 max_lat=23.830902884314558 max_lon=38.02098150561661
2025-10-09 13:35:23,453 [INFO] found 0 assets
2025-10-09 13:35:23,453 [INFO] handling 33634_0
2025-10-09 13:35:23,454 [INFO] it is the 0 time
2025-10-09 13:35:26,612 [INFO] Successfully fetched min_lat=23.728569319815747 min_lon=38.0095748177397 max_lat=23.730375118303883 max_lon=38.011536306882725
2025-10-09 13:35:26,613 [INFO] found 0 assets
2025-10-09 13:35:26,613 [INFO] handling 33762_0
2025-10-09 13:35:26,613 [INFO] it is the 0 time
2025-10-09 13:35:29,769 [INFO] Successfully fetched min_lat=23.719097096489527 min_lon=37.999019333034994 max_lat=23.72090289718847 max_lon=38.00098068046928
2025-10-09 13:35:29,770 [INFO] found 0 assets
2025-10-09 13:35:29,770 [INFO] handling 33800_4
2025-10-09 13:35:29,771 [INFO] it is the 0 time
2025-10-09 13:35:32,948 [INFO] Successfully fetched min_lat=23.759208212277922 min_lon=37.998130143867435 max_lat=23.761014003610377 max_lon=38.00009209188885
2025-10-09 13:35:32,948 [INFO] found 0 assets
2025-10-09 13:35:32,949 [INFO] handling 33800_5
2025-10-09 13:35:32,950 [INFO] it is the 0 time
2025-10-09 13:35:34,100 [INFO] saved successfully
2025-10-09 13:36:50,885 [INFO] handling 33779_0
2025-10-09 13:36:50,885 [INFO] it is the 0 time
2025-10-09 13:43:12,821 [INFO] saved successfully
2025-10-09 13:43:40,871 [INFO] handling 33779_0
2025-10-09 13:49:02,068 [INFO] saved successfully
2025-10-09 13:49:05,939 [INFO] handling 33779_0
2025-10-09 13:49:05,939 [INFO] it is the 0 time
2025-10-09 13:49:09,256 [INFO] Successfully fetched min_lat=37.99048795248979 min_lon=23.651583838015604 max_lat=37.99228981413115 max_lon=23.653860634274285
2025-10-09 13:49:09,257 [INFO] found 13 assets
2025-10-09 13:49:09,274 [ERROR] something failed. SAVING!: 'UniqueCode'
2025-10-09 13:49:09,383 [INFO] saved successfully
